<?xml version="1.0" encoding="UTF-8"?>
<!-- Generated by org.testng.reporters.JUnitReportReporter -->
<testsuite skipped="0" hostname="DESKTOP-PV5T3HC" name="com.qa.tests.DemoTest1" tests="1" failures="0" timestamp="2021-04-18T18:09:32 IST" time="0.010" errors="0">
  <testcase name="sum" time="0.010" classname="com.qa.tests.DemoTest1"/>
  <system-out/>
</testsuite> <!-- com.qa.tests.DemoTest1 -->
